<?xml version="1.0" encoding="UTF-8"?>
<testsuite name="DecryptTest" tests="1" skipped="0" failures="0" errors="0" timestamp="2020-06-27T13:48:21" hostname="tonui-HP-ProBook-450-G5" time="0.017">
  <properties/>
  <testcase name="Decrypts_DecryptsAWord_String" classname="DecryptTest" time="0.017"/>
  <system-out><![CDATA[]]></system-out>
  <system-err><![CDATA[]]></system-err>
</testsuite>
