<?xml version="1.0" encoding="UTF-8"?>
<testsuite name="EncryptTest" tests="1" skipped="0" failures="0" errors="0" timestamp="2020-06-27T13:35:52" hostname="tonui-HP-ProBook-450-G5" time="0.015">
  <properties/>
  <testcase name="Encrypt_EncryptsAWord_String" classname="EncryptTest" time="0.015"/>
  <system-out><![CDATA[]]></system-out>
  <system-err><![CDATA[]]></system-err>
</testsuite>
